
> vibe-generated-app@1.0.0 dev
> vite


  VITE v5.4.20  ready in 250 ms

  ➜  Local:   http://localhost:3000/
  ➜  Network: http://172.20.22.53:3000/
5:20:33 PM [vite] Pre-transform error: Transform failed with 1 error:
/home/workspace/src/components/MainSections.jsx:80:6: ERROR: Expected ")" but found "as"
5:20:34 PM [vite] ✨ new dependencies optimized: lucide-react, @splinetool/react-spline
5:20:34 PM [vite] ✨ optimized dependencies changed. reloading
5:20:34 PM [vite] Pre-transform error: Transform failed with 1 error:
/home/workspace/src/components/MainSections.jsx:80:6: ERROR: Expected ")" but found "as"
The file does not exist at "/home/workspace/node_modules/.vite/deps/chunk-I4MZPW7S.js?v=35394813" which is in the optimize deps directory. The dependency might be incompatible with the dep optimizer. Try adding it to `optimizeDeps.exclude`.
5:20:35 PM [vite] Internal server error: Transform failed with 1 error:
/home/workspace/src/components/MainSections.jsx:80:6: ERROR: Expected ")" but found "as"
  Plugin: vite:esbuild
  File: /home/workspace/src/components/MainSections.jsx:80:6
  
  Expected ")" but found "as"
  78 |        stats: { posts: 128, followers: '12.4k', following: 341 },
  79 |        verified: true,
  80 |      } as const);
     |        ^
  81 |  
  82 |    return (
  
      at failureErrorWithLog (/home/workspace/node_modules/esbuild/lib/main.js:1472:15)
      at /home/workspace/node_modules/esbuild/lib/main.js:755:50
      at responseCallbacks.<computed> (/home/workspace/node_modules/esbuild/lib/main.js:622:9)
      at handleIncomingPacket (/home/workspace/node_modules/esbuild/lib/main.js:677:12)
      at Socket.readFromStdout (/home/workspace/node_modules/esbuild/lib/main.js:600:7)
      at Socket.emit (node:events:508:28)
      at addChunk (node:internal/streams/readable:559:12)
      at readableAddChunkPushByteMode (node:internal/streams/readable:510:3)
      at Readable.push (node:internal/streams/readable:390:5)
      at Pipe.onStreamRead (node:internal/stream_base_commons:189:23)
5:21:02 PM [vite] Internal server error: Transform failed with 1 error:
/home/workspace/src/components/MainSections.jsx:80:6: ERROR: Expected ")" but found "as"
  Plugin: vite:esbuild
  File: /home/workspace/src/components/MainSections.jsx:80:6
  
  Expected ")" but found "as"
  78 |        stats: { posts: 128, followers: '12.4k', following: 341 },
  79 |        verified: true,
  80 |      } as const);
     |        ^
  81 |  
  82 |    return (
  
      at failureErrorWithLog (/home/workspace/node_modules/esbuild/lib/main.js:1472:15)
      at /home/workspace/node_modules/esbuild/lib/main.js:755:50
      at responseCallbacks.<computed> (/home/workspace/node_modules/esbuild/lib/main.js:622:9)
      at handleIncomingPacket (/home/workspace/node_modules/esbuild/lib/main.js:677:12)
      at Socket.readFromStdout (/home/workspace/node_modules/esbuild/lib/main.js:600:7)
      at Socket.emit (node:events:508:28)
      at addChunk (node:internal/streams/readable:559:12)
      at readableAddChunkPushByteMode (node:internal/streams/readable:510:3)
      at Readable.push (node:internal/streams/readable:390:5)
      at Pipe.onStreamRead (node:internal/stream_base_commons:189:23)
